<?xml version="1.0" encoding="UTF-8"?>
<testsuite xmlns:xsi="http://www.w3.org/2001/XMLSchema-instance" xsi:noNamespaceSchemaLocation="https://maven.apache.org/surefire/maven-surefire-plugin/xsd/surefire-test-report-3.0.xsd" version="3.0" name="com.InventoryManagement.inventory.AppTest" time="0.027" tests="1" errors="0" skipped="0" failures="0">
  <properties>
    <property name="java.specification.version" value="20"/>
    <property name="sun.cpu.isalist" value="amd64"/>
    <property name="sun.jnu.encoding" value="Cp1252"/>
    <property name="java.class.path" value="C:\Users\IMPANO\eclipse-workspace\inventory\target\test-classes;C:\Users\IMPANO\eclipse-workspace\inventory\target\classes;C:\Users\IMPANO\.m2\repository\junit\junit\3.8.1\junit-3.8.1.jar;C:\Users\IMPANO\.m2\repository\org\mongodb\mongodb-driver\3.12.14\mongodb-driver-3.12.14.jar;C:\Users\IMPANO\.m2\repository\org\mongodb\bson\3.12.14\bson-3.12.14.jar;C:\Users\IMPANO\.m2\repository\org\mongodb\mongodb-driver-core\3.12.14\mongodb-driver-core-3.12.14.jar;"/>
    <property name="java.vm.vendor" value="Oracle Corporation"/>
    <property name="sun.arch.data.model" value="64"/>
    <property name="user.variant" value=""/>
    <property name="java.vendor.url" value="https://java.oracle.com/"/>
    <property name="user.timezone" value="Africa/Johannesburg"/>
    <property name="os.name" value="Windows 11"/>
    <property name="java.vm.specification.version" value="20"/>
    <property name="sun.java.launcher" value="SUN_STANDARD"/>
    <property name="user.country" value="US"/>
    <property name="sun.boot.library.path" value="C:\Program Files\Java\jdk-20\bin"/>
    <property name="sun.java.command" value="C:\Users\IMPANO\AppData\Local\Temp\surefire3090744392683563333\surefirebooter-20240522172054991_3.jar C:\Users\IMPANO\AppData\Local\Temp\surefire3090744392683563333 2024-05-22T17-20-51_539-jvmRun1 surefire-20240522172054991_1tmp surefire_0-20240522172054991_2tmp"/>
    <property name="jdk.debug" value="release"/>
    <property name="surefire.test.class.path" value="C:\Users\IMPANO\eclipse-workspace\inventory\target\test-classes;C:\Users\IMPANO\eclipse-workspace\inventory\target\classes;C:\Users\IMPANO\.m2\repository\junit\junit\3.8.1\junit-3.8.1.jar;C:\Users\IMPANO\.m2\repository\org\mongodb\mongodb-driver\3.12.14\mongodb-driver-3.12.14.jar;C:\Users\IMPANO\.m2\repository\org\mongodb\bson\3.12.14\bson-3.12.14.jar;C:\Users\IMPANO\.m2\repository\org\mongodb\mongodb-driver-core\3.12.14\mongodb-driver-core-3.12.14.jar;"/>
    <property name="sun.cpu.endian" value="little"/>
    <property name="user.home" value="C:\Users\IMPANO"/>
    <property name="user.language" value="en"/>
    <property name="java.specification.vendor" value="Oracle Corporation"/>
    <property name="java.version.date" value="2023-07-18"/>
    <property name="java.home" value="C:\Program Files\Java\jdk-20"/>
    <property name="file.separator" value="\"/>
    <property name="basedir" value="C:\Users\IMPANO\eclipse-workspace\inventory"/>
    <property name="style.color" value="always"/>
    <property name="java.vm.compressedOopsMode" value="32-bit"/>
    <property name="line.separator" value="&#10;"/>
    <property name="java.vm.specification.vendor" value="Oracle Corporation"/>
    <property name="java.specification.name" value="Java Platform API Specification"/>
    <property name="surefire.real.class.path" value="C:\Users\IMPANO\AppData\Local\Temp\surefire3090744392683563333\surefirebooter-20240522172054991_3.jar"/>
    <property name="user.script" value=""/>
    <property name="sun.management.compiler" value="HotSpot 64-Bit Tiered Compilers"/>
    <property name="java.runtime.version" value="20.0.2+9-78"/>
    <property name="user.name" value="IMPANO"/>
    <property name="stdout.encoding" value="Cp1252"/>
    <property name="path.separator" value=";"/>
    <property name="os.version" value="10.0"/>
    <property name="java.runtime.name" value="Java(TM) SE Runtime Environment"/>
    <property name="file.encoding" value="UTF-8"/>
    <property name="java.vm.name" value="Java HotSpot(TM) 64-Bit Server VM"/>
    <property name="localRepository" value="C:\Users\IMPANO\.m2\repository"/>
    <property name="java.vendor.url.bug" value="https://bugreport.java.com/bugreport/"/>
    <property name="java.io.tmpdir" value="C:\Users\IMPANO\AppData\Local\Temp\"/>
    <property name="java.version" value="20.0.2"/>
    <property name="user.dir" value="C:\Users\IMPANO\eclipse-workspace\inventory"/>
    <property name="os.arch" value="amd64"/>
    <property name="java.vm.specification.name" value="Java Virtual Machine Specification"/>
    <property name="sun.os.patch.level" value=""/>
    <property name="native.encoding" value="Cp1252"/>
    <property name="java.library.path" value="C:\Program Files\Java\jdk-20\bin;C:\WINDOWS\Sun\Java\bin;C:\WINDOWS\system32;C:\WINDOWS;C:/Program Files/Java/jdk-20/bin/server;C:/Program Files/Java/jdk-20/bin;C:\Program Files\OpenLogic\jdk-17.0.10.7-hotspot\bin;C:\Program Files\Common Files\Oracle\Java\javapath;C:\WINDOWS\system32;C:\WINDOWS;C:\WINDOWS\System32\Wbem;C:\WINDOWS\System32\WindowsPowerShell\v1.0\;C:\WINDOWS\System32\OpenSSH\;C:\Program Files\Git\cmd;C:\Program Files\nodejs\;C:\Program Files\dotnet\;C:\Program Files\Docker\Docker\resources\bin;C:\Program Files (x86)\Windows Kits\10\Windows Performance Toolkit\;C:\Program Files\Microsoft Network Monitor 3\;C:\Users\IMPANO\Desktop\attendance project with opencv\vcpkg;C:\Users\IMPANO\scoop\shims;C:\Users\IMPANO\AppData\Local\Programs\Python\Python311\Scripts\;C:\Users\IMPANO\AppData\Local\Programs\Python\Python311\;C:\Users\IMPANO\AppData\Local\Microsoft\WindowsApps;C:\Users\IMPANO\AppData\Local\Programs\Microsoft VS Code\bin;C:\Users\IMPANO\AppData\Roaming\npm;C:\Program Files\PostgreSQL\15\bin;C:\Users\IMPANO\AppData\Local\Android\Sdk\platform-tools;C:\Users\IMPANO\AppData\Local\Android\Sdk\emulator;C:\Program Files\VideoLAN\VLC;C:\Program Files\7-Zip;C:\Users\IMPANO\Downloads\Compressed\mongosh-2.2.5-win32-x64\mongosh-2.2.5-win32-x64\bin;C:\maven\bin;;C:\WINDOWS\system32;;."/>
    <property name="java.vm.info" value="mixed mode, sharing"/>
    <property name="stderr.encoding" value="Cp1252"/>
    <property name="java.vendor" value="Oracle Corporation"/>
    <property name="java.vm.version" value="20.0.2+9-78"/>
    <property name="sun.io.unicode.encoding" value="UnicodeLittle"/>
    <property name="java.class.version" value="64.0"/>
  </properties>
  <testcase name="testApp" classname="com.InventoryManagement.inventory.AppTest" time="0.006"/>
</testsuite>